<?xml version="1.0" encoding="UTF-8"?>
<!-- Generated by org.testng.reporters.JUnitReportReporter -->
<testsuite hostname="Prashant" failures="0" tests="1" name="NOBroker.nobroker.in.NoBroker" time="14.397" errors="0" timestamp="2025-10-15T00:09:42 IST" skipped="0">
  <testcase classname="NOBroker.nobroker.in.NoBroker" name="verifyLoginAndAlignment" time="14.397"/>
  <system-out/>
</testsuite> <!-- NOBroker.nobroker.in.NoBroker -->
