<?xml version="1.0" encoding="UTF-8"?>
<!-- Generated by org.testng.reporters.JUnitReportReporter -->
<testsuite hostname="Prashant" failures="0" tests="4" name="eCommerceSeleniumFrameworkDesign1.Tests.SubmitOrderTest" time="39.558" errors="0" timestamp="2025-08-01T01:14:39 IST" skipped="0">
  <testcase classname="eCommerceSeleniumFrameworkDesign1.Tests.SubmitOrderTest" name="OrderHistoryTest" time="10.934"/>
  <system-out/>
  <testcase classname="eCommerceSeleniumFrameworkDesign1.Tests.SubmitOrderTest" name="submitOrder" time="12.026"/>
  <system-out/>
  <testcase classname="eCommerceSeleniumFrameworkDesign1.Tests.SubmitOrderTest" name="OrderHistoryTest" time="7.632"/>
  <system-out/>
  <testcase classname="eCommerceSeleniumFrameworkDesign1.Tests.SubmitOrderTest" name="submitOrder" time="8.966"/>
  <system-out/>
</testsuite> <!-- eCommerceSeleniumFrameworkDesign1.Tests.SubmitOrderTest -->
