<?xml version="1.0" encoding="UTF-8"?>
<!-- Generated by org.testng.reporters.JUnitReportReporter -->
<testsuite hostname="Prashant" failures="0" tests="1" name="Amazon.SeleniumFrameworkDesign1.Tests.ErrorValidation" time="7.728" errors="0" timestamp="2025-06-30T20:18:37 IST" skipped="0">
  <testcase classname="Amazon.SeleniumFrameworkDesign1.Tests.ErrorValidation" name="submitOrder" time="7.728"/>
  <system-out/>
</testsuite> <!-- Amazon.SeleniumFrameworkDesign1.Tests.ErrorValidation -->
