<?xml version="1.0" encoding="UTF-8"?>
<!-- Generated by org.testng.reporters.JUnitReportReporter -->
<testsuite hostname="Prashant" failures="0" tests="2" name="Amazon.SeleniumFrameworkDesign1.Tests.ErrorValidationsTest" time="17.786" errors="0" timestamp="2025-07-07T12:56:38 IST" skipped="0">
  <testcase classname="Amazon.SeleniumFrameworkDesign1.Tests.ErrorValidationsTest" name="LoginErrorValidation" time="7.161"/>
  <system-out/>
  <testcase classname="Amazon.SeleniumFrameworkDesign1.Tests.ErrorValidationsTest" name="productErrorValidation" time="10.625"/>
  <system-out/>
</testsuite> <!-- Amazon.SeleniumFrameworkDesign1.Tests.ErrorValidationsTest -->
