<?xml version="1.0" encoding="UTF-8"?>
<!-- Generated by org.testng.reporters.JUnitReportReporter -->
<testsuite hostname="Prashant" failures="0" tests="2" name="eCommerceSeleniumFrameworkDesign1.Tests.ErrorValidationsTest" time="22.213" errors="0" timestamp="2025-08-01T01:14:39 IST" skipped="0">
  <testcase classname="eCommerceSeleniumFrameworkDesign1.Tests.ErrorValidationsTest" name="LoginErrorValidation" time="9.795"/>
  <system-out/>
  <testcase classname="eCommerceSeleniumFrameworkDesign1.Tests.ErrorValidationsTest" name="productErrorValidation" time="12.418"/>
  <system-out/>
</testsuite> <!-- eCommerceSeleniumFrameworkDesign1.Tests.ErrorValidationsTest -->
