<?xml version="1.0" encoding="UTF-8"?>
<!-- Generated by org.testng.reporters.JUnitReportReporter -->
<testsuite hostname="Prashant" failures="0" tests="4" name="Amazon.SeleniumFrameworkDesign1.Tests.SubmitOrderTest" time="30.731" errors="0" timestamp="2025-07-07T12:56:38 IST" skipped="0">
  <testcase classname="Amazon.SeleniumFrameworkDesign1.Tests.SubmitOrderTest" name="submitOrder" time="11.070"/>
  <system-out/>
  <testcase classname="Amazon.SeleniumFrameworkDesign1.Tests.SubmitOrderTest" name="OrderHistoryTest" time="7.579"/>
  <system-out/>
  <testcase classname="Amazon.SeleniumFrameworkDesign1.Tests.SubmitOrderTest" name="submitOrder" time="7.178"/>
  <system-out/>
  <testcase classname="Amazon.SeleniumFrameworkDesign1.Tests.SubmitOrderTest" name="OrderHistoryTest" time="4.904"/>
  <system-out/>
</testsuite> <!-- Amazon.SeleniumFrameworkDesign1.Tests.SubmitOrderTest -->
