<?xml version="1.0" encoding="UTF-8"?>
<!-- Generated by org.testng.reporters.JUnitReportReporter -->
<testsuite hostname="Prashant" failures="0" tests="1" name="cucumber.TestNGTestRunner" time="12.443" errors="0" timestamp="2025-08-01T00:31:53 IST" skipped="0">
  <testcase classname="cucumber.TestNGTestRunner" name="runScenario" time="12.443"/>
  <system-out/>
</testsuite> <!-- cucumber.TestNGTestRunner -->
